The system is: Linux - 5.13.0-52-generic - x86_64
Compiling the C compiler identification source file "CMakeCCompilerId.c" succeeded.
Compiler: /home/linuxbrew/.linuxbrew/bin/gcc-11 
Build flags: 
Id flags:  

The output was:
0


Compilation of the C compiler identification source "CMakeCCompilerId.c" produced "a.out"

The C compiler identification is GNU, found in "/home/shahriar/cpp/bbserver/build/CMakeFiles/3.16.3/CompilerIdC/a.out"

Compiling the CXX compiler identification source file "CMakeCXXCompilerId.cpp" succeeded.
Compiler: /home/linuxbrew/.linuxbrew/bin/g++-11 
Build flags: 
Id flags:  

The output was:
0


Compilation of the CXX compiler identification source "CMakeCXXCompilerId.cpp" produced "a.out"

The CXX compiler identification is GNU, found in "/home/shahriar/cpp/bbserver/build/CMakeFiles/3.16.3/CompilerIdCXX/a.out"

Determining if the C compiler works passed with the following output:
Change Dir: /home/shahriar/cpp/bbserver/build/CMakeFiles/CMakeTmp

Run Build Command(s):/usr/bin/make cmTC_c33a6/fast && /usr/bin/make -f CMakeFiles/cmTC_c33a6.dir/build.make CMakeFiles/cmTC_c33a6.dir/build
make[1]: Entering directory '/home/shahriar/cpp/bbserver/build/CMakeFiles/CMakeTmp'
Building C object CMakeFiles/cmTC_c33a6.dir/testCCompiler.c.o
/home/linuxbrew/.linuxbrew/bin/gcc-11    -o CMakeFiles/cmTC_c33a6.dir/testCCompiler.c.o   -c /home/shahriar/cpp/bbserver/build/CMakeFiles/CMakeTmp/testCCompiler.c
Linking C executable cmTC_c33a6
/usr/bin/cmake -E cmake_link_script CMakeFiles/cmTC_c33a6.dir/link.txt --verbose=1
/home/linuxbrew/.linuxbrew/bin/gcc-11      CMakeFiles/cmTC_c33a6.dir/testCCompiler.c.o  -o cmTC_c33a6 
make[1]: Leaving directory '/home/shahriar/cpp/bbserver/build/CMakeFiles/CMakeTmp'



Detecting C compiler ABI info compiled with the following output:
Change Dir: /home/shahriar/cpp/bbserver/build/CMakeFiles/CMakeTmp

Run Build Command(s):/usr/bin/make cmTC_763e1/fast && /usr/bin/make -f CMakeFiles/cmTC_763e1.dir/build.make CMakeFiles/cmTC_763e1.dir/build
make[1]: Entering directory '/home/shahriar/cpp/bbserver/build/CMakeFiles/CMakeTmp'
Building C object CMakeFiles/cmTC_763e1.dir/CMakeCCompilerABI.c.o
/home/linuxbrew/.linuxbrew/bin/gcc-11   -v -o CMakeFiles/cmTC_763e1.dir/CMakeCCompilerABI.c.o   -c /usr/share/cmake-3.16/Modules/CMakeCCompilerABI.c
Reading specs from /home/linuxbrew/.linuxbrew/Cellar/gcc/11.2.0/lib/gcc/11/gcc/x86_64-pc-linux-gnu/11.2.0/specs
COLLECT_GCC=/home/linuxbrew/.linuxbrew/bin/gcc-11
Target: x86_64-pc-linux-gnu
Configured with: ../configure --prefix=/home/linuxbrew/.linuxbrew/Cellar/gcc/11.2.0 --libdir=/home/linuxbrew/.linuxbrew/Cellar/gcc/11.2.0/lib/gcc/11 --disable-nls --enable-checking=release --enable-languages=c,c++,objc,obj-c++,fortran,d --program-suffix=-11 --with-gmp=/home/linuxbrew/.linuxbrew/opt/gmp --with-mpfr=/home/linuxbrew/.linuxbrew/opt/mpfr --with-mpc=/home/linuxbrew/.linuxbrew/opt/libmpc --with-isl=/home/linuxbrew/.linuxbrew/opt/isl --with-zstd=/home/linuxbrew/.linuxbrew/opt/zstd --with-pkgversion='Homebrew GCC 11.2.0' --with-bugurl=https://github.com/Homebrew/linuxbrew-core/issues --enable-libphobos --with-boot-ldflags='-static-libstdc++ -static-libgcc ' --disable-multilib
Thread model: posix
Supported LTO compression algorithms: zlib zstd
gcc version 11.2.0 (Homebrew GCC 11.2.0) 
COLLECT_GCC_OPTIONS='-v' '-o' 'CMakeFiles/cmTC_763e1.dir/CMakeCCompilerABI.c.o' '-c' '-mtune=generic' '-march=x86-64' '-dumpdir' 'CMakeFiles/cmTC_763e1.dir/'
 /home/linuxbrew/.linuxbrew/Cellar/gcc/11.2.0/libexec/gcc/x86_64-pc-linux-gnu/11.2.0/cc1 -quiet -v -imultiarch x86_64-linux-gnu /usr/share/cmake-3.16/Modules/CMakeCCompilerABI.c -isysroot /home/linuxbrew/.linuxbrew/nonexistent -idirafter /home/linuxbrew/.linuxbrew/include -idirafter /usr/include/x86_64-linux-gnu -idirafter /usr/include -quiet -dumpdir CMakeFiles/cmTC_763e1.dir/ -dumpbase CMakeCCompilerABI.c.c -dumpbase-ext .c -mtune=generic -march=x86-64 -version -o /tmp/ccvkOPrh.s
GNU C17 (Homebrew GCC 11.2.0) version 11.2.0 (x86_64-pc-linux-gnu)
	compiled by GNU C version 11.2.0, GMP version 6.2.1, MPFR version 4.1.0, MPC version 1.2.1, isl version isl-0.24-GMP

GGC heuristics: --param ggc-min-expand=100 --param ggc-min-heapsize=131072
ignoring nonexistent directory "/home/linuxbrew/.linuxbrew/nonexistent/usr/local/include/x86_64-linux-gnu"
ignoring nonexistent directory "/home/linuxbrew/.linuxbrew/nonexistent/usr/local/include"
ignoring nonexistent directory "/home/linuxbrew/.linuxbrew/Cellar/gcc/11.2.0/lib/gcc/11/gcc/x86_64-pc-linux-gnu/11.2.0/../../../../../../x86_64-pc-linux-gnu/include"
ignoring nonexistent directory "/home/linuxbrew/.linuxbrew/nonexistent/usr/include/x86_64-linux-gnu"
ignoring nonexistent directory "/home/linuxbrew/.linuxbrew/nonexistent/usr/include"
#include "..." search starts here:
#include <...> search starts here:
 /home/linuxbrew/.linuxbrew/Cellar/gcc/11.2.0/lib/gcc/11/gcc/x86_64-pc-linux-gnu/11.2.0/include
 /home/linuxbrew/.linuxbrew/Cellar/gcc/11.2.0/include
 /home/linuxbrew/.linuxbrew/Cellar/gcc/11.2.0/lib/gcc/11/gcc/x86_64-pc-linux-gnu/11.2.0/include-fixed
 /home/linuxbrew/.linuxbrew/include
 /usr/include/x86_64-linux-gnu
 /usr/include
End of search list.
GNU C17 (Homebrew GCC 11.2.0) version 11.2.0 (x86_64-pc-linux-gnu)
	compiled by GNU C version 11.2.0, GMP version 6.2.1, MPFR version 4.1.0, MPC version 1.2.1, isl version isl-0.24-GMP

GGC heuristics: --param ggc-min-expand=100 --param ggc-min-heapsize=131072
Compiler executable checksum: b650805ac4df604e592575e2bc6ad6b8
COLLECT_GCC_OPTIONS='-v' '-o' 'CMakeFiles/cmTC_763e1.dir/CMakeCCompilerABI.c.o' '-c' '-mtune=generic' '-march=x86-64' '-dumpdir' 'CMakeFiles/cmTC_763e1.dir/'
 as -v --64 -o CMakeFiles/cmTC_763e1.dir/CMakeCCompilerABI.c.o /tmp/ccvkOPrh.s
GNU assembler version 2.37 (x86_64-pc-linux-gnu) using BFD version (GNU Binutils) 2.37
COMPILER_PATH=/home/linuxbrew/.linuxbrew/Cellar/gcc/11.2.0/libexec/gcc/x86_64-pc-linux-gnu/11.2.0/:/home/linuxbrew/.linuxbrew/Cellar/gcc/11.2.0/libexec/gcc/x86_64-pc-linux-gnu/11.2.0/:/home/linuxbrew/.linuxbrew/Cellar/gcc/11.2.0/libexec/gcc/x86_64-pc-linux-gnu/:/home/linuxbrew/.linuxbrew/Cellar/gcc/11.2.0/lib/gcc/11/gcc/x86_64-pc-linux-gnu/11.2.0/:/home/linuxbrew/.linuxbrew/Cellar/gcc/11.2.0/lib/gcc/11/gcc/x86_64-pc-linux-gnu/
LIBRARY_PATH=/home/linuxbrew/.linuxbrew/Cellar/gcc/11.2.0/lib/gcc/11/gcc/x86_64-pc-linux-gnu/11.2.0/:/home/linuxbrew/.linuxbrew/Cellar/gcc/11.2.0/lib/gcc/11/gcc/x86_64-pc-linux-gnu/11.2.0/../../../:/lib/x86_64-linux-gnu/:/lib/:/usr/lib/x86_64-linux-gnu/:/usr/lib/
COLLECT_GCC_OPTIONS='-v' '-o' 'CMakeFiles/cmTC_763e1.dir/CMakeCCompilerABI.c.o' '-c' '-mtune=generic' '-march=x86-64' '-dumpdir' 'CMakeFiles/cmTC_763e1.dir/CMakeCCompilerABI.c.'
Linking C executable cmTC_763e1
/usr/bin/cmake -E cmake_link_script CMakeFiles/cmTC_763e1.dir/link.txt --verbose=1
/home/linuxbrew/.linuxbrew/bin/gcc-11     -v CMakeFiles/cmTC_763e1.dir/CMakeCCompilerABI.c.o  -o cmTC_763e1 
Reading specs from /home/linuxbrew/.linuxbrew/Cellar/gcc/11.2.0/lib/gcc/11/gcc/x86_64-pc-linux-gnu/11.2.0/specs
COLLECT_GCC=/home/linuxbrew/.linuxbrew/bin/gcc-11
COLLECT_LTO_WRAPPER=/home/linuxbrew/.linuxbrew/Cellar/gcc/11.2.0/libexec/gcc/x86_64-pc-linux-gnu/11.2.0/lto-wrapper
Target: x86_64-pc-linux-gnu
Configured with: ../configure --prefix=/home/linuxbrew/.linuxbrew/Cellar/gcc/11.2.0 --libdir=/home/linuxbrew/.linuxbrew/Cellar/gcc/11.2.0/lib/gcc/11 --disable-nls --enable-checking=release --enable-languages=c,c++,objc,obj-c++,fortran,d --program-suffix=-11 --with-gmp=/home/linuxbrew/.linuxbrew/opt/gmp --with-mpfr=/home/linuxbrew/.linuxbrew/opt/mpfr --with-mpc=/home/linuxbrew/.linuxbrew/opt/libmpc --with-isl=/home/linuxbrew/.linuxbrew/opt/isl --with-zstd=/home/linuxbrew/.linuxbrew/opt/zstd --with-pkgversion='Homebrew GCC 11.2.0' --with-bugurl=https://github.com/Homebrew/linuxbrew-core/issues --enable-libphobos --with-boot-ldflags='-static-libstdc++ -static-libgcc ' --disable-multilib
Thread model: posix
Supported LTO compression algorithms: zlib zstd
gcc version 11.2.0 (Homebrew GCC 11.2.0) 
COMPILER_PATH=/home/linuxbrew/.linuxbrew/Cellar/gcc/11.2.0/libexec/gcc/x86_64-pc-linux-gnu/11.2.0/:/home/linuxbrew/.linuxbrew/Cellar/gcc/11.2.0/libexec/gcc/x86_64-pc-linux-gnu/11.2.0/:/home/linuxbrew/.linuxbrew/Cellar/gcc/11.2.0/libexec/gcc/x86_64-pc-linux-gnu/:/home/linuxbrew/.linuxbrew/Cellar/gcc/11.2.0/lib/gcc/11/gcc/x86_64-pc-linux-gnu/11.2.0/:/home/linuxbrew/.linuxbrew/Cellar/gcc/11.2.0/lib/gcc/11/gcc/x86_64-pc-linux-gnu/
LIBRARY_PATH=/home/linuxbrew/.linuxbrew/Cellar/gcc/11.2.0/lib/gcc/11/gcc/x86_64-pc-linux-gnu/11.2.0/:/home/linuxbrew/.linuxbrew/Cellar/gcc/11.2.0/lib/gcc/11/gcc/x86_64-pc-linux-gnu/11.2.0/../../../:/lib/x86_64-linux-gnu/:/lib/:/usr/lib/x86_64-linux-gnu/:/usr/lib/
COLLECT_GCC_OPTIONS='-v' '-o' 'cmTC_763e1' '-mtune=generic' '-march=x86-64' '-dumpdir' 'cmTC_763e1.'
 /home/linuxbrew/.linuxbrew/Cellar/gcc/11.2.0/libexec/gcc/x86_64-pc-linux-gnu/11.2.0/collect2 -plugin /home/linuxbrew/.linuxbrew/Cellar/gcc/11.2.0/libexec/gcc/x86_64-pc-linux-gnu/11.2.0/liblto_plugin.so -plugin-opt=/home/linuxbrew/.linuxbrew/Cellar/gcc/11.2.0/libexec/gcc/x86_64-pc-linux-gnu/11.2.0/lto-wrapper -plugin-opt=-fresolution=/tmp/cc23Fx7M.res -plugin-opt=-pass-through=-lgcc -plugin-opt=-pass-through=-lgcc_s -plugin-opt=-pass-through=-lc -plugin-opt=-pass-through=-lgcc -plugin-opt=-pass-through=-lgcc_s --eh-frame-hdr -m elf_x86_64 -dynamic-linker /lib64/ld-linux-x86-64.so.2 --dynamic-linker /home/linuxbrew/.linuxbrew/lib/ld.so -rpath /home/linuxbrew/.linuxbrew/lib/gcc/11 -rpath /home/linuxbrew/.linuxbrew/lib -o cmTC_763e1 /lib/x86_64-linux-gnu/crt1.o /lib/x86_64-linux-gnu/crti.o /home/linuxbrew/.linuxbrew/Cellar/gcc/11.2.0/lib/gcc/11/gcc/x86_64-pc-linux-gnu/11.2.0/crtbegin.o -L/home/linuxbrew/.linuxbrew/Cellar/gcc/11.2.0/lib/gcc/11/gcc/x86_64-pc-linux-gnu/11.2.0 -L/home/linuxbrew/.linuxbrew/Cellar/gcc/11.2.0/lib/gcc/11/gcc/x86_64-pc-linux-gnu/11.2.0/../../.. -L/lib/x86_64-linux-gnu -L/usr/lib/x86_64-linux-gnu -L/home/linuxbrew/.linuxbrew/lib/gcc/11 -L/home/linuxbrew/.linuxbrew/lib CMakeFiles/cmTC_763e1.dir/CMakeCCompilerABI.c.o -lgcc --push-state --as-needed -lgcc_s --pop-state -lc -lgcc --push-state --as-needed -lgcc_s --pop-state /home/linuxbrew/.linuxbrew/Cellar/gcc/11.2.0/lib/gcc/11/gcc/x86_64-pc-linux-gnu/11.2.0/crtend.o /lib/x86_64-linux-gnu/crtn.o
COLLECT_GCC_OPTIONS='-v' '-o' 'cmTC_763e1' '-mtune=generic' '-march=x86-64' '-dumpdir' 'cmTC_763e1.'
make[1]: Leaving directory '/home/shahriar/cpp/bbserver/build/CMakeFiles/CMakeTmp'



Parsed C implicit include dir info from above output: rv=done
  found start of include info
  found start of implicit include info
    add: [/home/linuxbrew/.linuxbrew/Cellar/gcc/11.2.0/lib/gcc/11/gcc/x86_64-pc-linux-gnu/11.2.0/include]
    add: [/home/linuxbrew/.linuxbrew/Cellar/gcc/11.2.0/include]
    add: [/home/linuxbrew/.linuxbrew/Cellar/gcc/11.2.0/lib/gcc/11/gcc/x86_64-pc-linux-gnu/11.2.0/include-fixed]
    add: [/home/linuxbrew/.linuxbrew/include]
    add: [/usr/include/x86_64-linux-gnu]
    add: [/usr/include]
  end of search list found
  collapse include dir [/home/linuxbrew/.linuxbrew/Cellar/gcc/11.2.0/lib/gcc/11/gcc/x86_64-pc-linux-gnu/11.2.0/include] ==> [/home/linuxbrew/.linuxbrew/Cellar/gcc/11.2.0/lib/gcc/11/gcc/x86_64-pc-linux-gnu/11.2.0/include]
  collapse include dir [/home/linuxbrew/.linuxbrew/Cellar/gcc/11.2.0/include] ==> [/home/linuxbrew/.linuxbrew/Cellar/gcc/11.2.0/include]
  collapse include dir [/home/linuxbrew/.linuxbrew/Cellar/gcc/11.2.0/lib/gcc/11/gcc/x86_64-pc-linux-gnu/11.2.0/include-fixed] ==> [/home/linuxbrew/.linuxbrew/Cellar/gcc/11.2.0/lib/gcc/11/gcc/x86_64-pc-linux-gnu/11.2.0/include-fixed]
  collapse include dir [/home/linuxbrew/.linuxbrew/include] ==> [/home/linuxbrew/.linuxbrew/include]
  collapse include dir [/usr/include/x86_64-linux-gnu] ==> [/usr/include/x86_64-linux-gnu]
  collapse include dir [/usr/include] ==> [/usr/include]
  implicit include dirs: [/home/linuxbrew/.linuxbrew/Cellar/gcc/11.2.0/lib/gcc/11/gcc/x86_64-pc-linux-gnu/11.2.0/include;/home/linuxbrew/.linuxbrew/Cellar/gcc/11.2.0/include;/home/linuxbrew/.linuxbrew/Cellar/gcc/11.2.0/lib/gcc/11/gcc/x86_64-pc-linux-gnu/11.2.0/include-fixed;/home/linuxbrew/.linuxbrew/include;/usr/include/x86_64-linux-gnu;/usr/include]


Parsed C implicit link information from above output:
  link line regex: [^( *|.*[/\])(ld|CMAKE_LINK_STARTFILE-NOTFOUND|([^/\]+-)?ld|collect2)[^/\]*( |$)]
  ignore line: [Change Dir: /home/shahriar/cpp/bbserver/build/CMakeFiles/CMakeTmp]
  ignore line: []
  ignore line: [Run Build Command(s):/usr/bin/make cmTC_763e1/fast && /usr/bin/make -f CMakeFiles/cmTC_763e1.dir/build.make CMakeFiles/cmTC_763e1.dir/build]
  ignore line: [make[1]: Entering directory '/home/shahriar/cpp/bbserver/build/CMakeFiles/CMakeTmp']
  ignore line: [Building C object CMakeFiles/cmTC_763e1.dir/CMakeCCompilerABI.c.o]
  ignore line: [/home/linuxbrew/.linuxbrew/bin/gcc-11   -v -o CMakeFiles/cmTC_763e1.dir/CMakeCCompilerABI.c.o   -c /usr/share/cmake-3.16/Modules/CMakeCCompilerABI.c]
  ignore line: [Reading specs from /home/linuxbrew/.linuxbrew/Cellar/gcc/11.2.0/lib/gcc/11/gcc/x86_64-pc-linux-gnu/11.2.0/specs]
  ignore line: [COLLECT_GCC=/home/linuxbrew/.linuxbrew/bin/gcc-11]
  ignore line: [Target: x86_64-pc-linux-gnu]
  ignore line: [Configured with: ../configure --prefix=/home/linuxbrew/.linuxbrew/Cellar/gcc/11.2.0 --libdir=/home/linuxbrew/.linuxbrew/Cellar/gcc/11.2.0/lib/gcc/11 --disable-nls --enable-checking=release --enable-languages=c,c++,objc,obj-c++,fortran,d --program-suffix=-11 --with-gmp=/home/linuxbrew/.linuxbrew/opt/gmp --with-mpfr=/home/linuxbrew/.linuxbrew/opt/mpfr --with-mpc=/home/linuxbrew/.linuxbrew/opt/libmpc --with-isl=/home/linuxbrew/.linuxbrew/opt/isl --with-zstd=/home/linuxbrew/.linuxbrew/opt/zstd --with-pkgversion='Homebrew GCC 11.2.0' --with-bugurl=https://github.com/Homebrew/linuxbrew-core/issues --enable-libphobos --with-boot-ldflags='-static-libstdc++ -static-libgcc ' --disable-multilib]
  ignore line: [Thread model: posix]
  ignore line: [Supported LTO compression algorithms: zlib zstd]
  ignore line: [gcc version 11.2.0 (Homebrew GCC 11.2.0) ]
  ignore line: [COLLECT_GCC_OPTIONS='-v' '-o' 'CMakeFiles/cmTC_763e1.dir/CMakeCCompilerABI.c.o' '-c' '-mtune=generic' '-march=x86-64' '-dumpdir' 'CMakeFiles/cmTC_763e1.dir/']
  ignore line: [ /home/linuxbrew/.linuxbrew/Cellar/gcc/11.2.0/libexec/gcc/x86_64-pc-linux-gnu/11.2.0/cc1 -quiet -v -imultiarch x86_64-linux-gnu /usr/share/cmake-3.16/Modules/CMakeCCompilerABI.c -isysroot /home/linuxbrew/.linuxbrew/nonexistent -idirafter /home/linuxbrew/.linuxbrew/include -idirafter /usr/include/x86_64-linux-gnu -idirafter /usr/include -quiet -dumpdir CMakeFiles/cmTC_763e1.dir/ -dumpbase CMakeCCompilerABI.c.c -dumpbase-ext .c -mtune=generic -march=x86-64 -version -o /tmp/ccvkOPrh.s]
  ignore line: [GNU C17 (Homebrew GCC 11.2.0) version 11.2.0 (x86_64-pc-linux-gnu)]
  ignore line: [	compiled by GNU C version 11.2.0  GMP version 6.2.1  MPFR version 4.1.0  MPC version 1.2.1  isl version isl-0.24-GMP]
  ignore line: []
  ignore line: [GGC heuristics: --param ggc-min-expand=100 --param ggc-min-heapsize=131072]
  ignore line: [ignoring nonexistent directory "/home/linuxbrew/.linuxbrew/nonexistent/usr/local/include/x86_64-linux-gnu"]
  ignore line: [ignoring nonexistent directory "/home/linuxbrew/.linuxbrew/nonexistent/usr/local/include"]
  ignore line: [ignoring nonexistent directory "/home/linuxbrew/.linuxbrew/Cellar/gcc/11.2.0/lib/gcc/11/gcc/x86_64-pc-linux-gnu/11.2.0/../../../../../../x86_64-pc-linux-gnu/include"]
  ignore line: [ignoring nonexistent directory "/home/linuxbrew/.linuxbrew/nonexistent/usr/include/x86_64-linux-gnu"]
  ignore line: [ignoring nonexistent directory "/home/linuxbrew/.linuxbrew/nonexistent/usr/include"]
  ignore line: [#include "..." search starts here:]
  ignore line: [#include <...> search starts here:]
  ignore line: [ /home/linuxbrew/.linuxbrew/Cellar/gcc/11.2.0/lib/gcc/11/gcc/x86_64-pc-linux-gnu/11.2.0/include]
  ignore line: [ /home/linuxbrew/.linuxbrew/Cellar/gcc/11.2.0/include]
  ignore line: [ /home/linuxbrew/.linuxbrew/Cellar/gcc/11.2.0/lib/gcc/11/gcc/x86_64-pc-linux-gnu/11.2.0/include-fixed]
  ignore line: [ /home/linuxbrew/.linuxbrew/include]
  ignore line: [ /usr/include/x86_64-linux-gnu]
  ignore line: [ /usr/include]
  ignore line: [End of search list.]
  ignore line: [GNU C17 (Homebrew GCC 11.2.0) version 11.2.0 (x86_64-pc-linux-gnu)]
  ignore line: [	compiled by GNU C version 11.2.0  GMP version 6.2.1  MPFR version 4.1.0  MPC version 1.2.1  isl version isl-0.24-GMP]
  ignore line: []
  ignore line: [GGC heuristics: --param ggc-min-expand=100 --param ggc-min-heapsize=131072]
  ignore line: [Compiler executable checksum: b650805ac4df604e592575e2bc6ad6b8]
  ignore line: [COLLECT_GCC_OPTIONS='-v' '-o' 'CMakeFiles/cmTC_763e1.dir/CMakeCCompilerABI.c.o' '-c' '-mtune=generic' '-march=x86-64' '-dumpdir' 'CMakeFiles/cmTC_763e1.dir/']
  ignore line: [ as -v --64 -o CMakeFiles/cmTC_763e1.dir/CMakeCCompilerABI.c.o /tmp/ccvkOPrh.s]
  ignore line: [GNU assembler version 2.37 (x86_64-pc-linux-gnu) using BFD version (GNU Binutils) 2.37]
  ignore line: [COMPILER_PATH=/home/linuxbrew/.linuxbrew/Cellar/gcc/11.2.0/libexec/gcc/x86_64-pc-linux-gnu/11.2.0/:/home/linuxbrew/.linuxbrew/Cellar/gcc/11.2.0/libexec/gcc/x86_64-pc-linux-gnu/11.2.0/:/home/linuxbrew/.linuxbrew/Cellar/gcc/11.2.0/libexec/gcc/x86_64-pc-linux-gnu/:/home/linuxbrew/.linuxbrew/Cellar/gcc/11.2.0/lib/gcc/11/gcc/x86_64-pc-linux-gnu/11.2.0/:/home/linuxbrew/.linuxbrew/Cellar/gcc/11.2.0/lib/gcc/11/gcc/x86_64-pc-linux-gnu/]
  ignore line: [LIBRARY_PATH=/home/linuxbrew/.linuxbrew/Cellar/gcc/11.2.0/lib/gcc/11/gcc/x86_64-pc-linux-gnu/11.2.0/:/home/linuxbrew/.linuxbrew/Cellar/gcc/11.2.0/lib/gcc/11/gcc/x86_64-pc-linux-gnu/11.2.0/../../../:/lib/x86_64-linux-gnu/:/lib/:/usr/lib/x86_64-linux-gnu/:/usr/lib/]
  ignore line: [COLLECT_GCC_OPTIONS='-v' '-o' 'CMakeFiles/cmTC_763e1.dir/CMakeCCompilerABI.c.o' '-c' '-mtune=generic' '-march=x86-64' '-dumpdir' 'CMakeFiles/cmTC_763e1.dir/CMakeCCompilerABI.c.']
  ignore line: [Linking C executable cmTC_763e1]
  ignore line: [/usr/bin/cmake -E cmake_link_script CMakeFiles/cmTC_763e1.dir/link.txt --verbose=1]
  ignore line: [/home/linuxbrew/.linuxbrew/bin/gcc-11     -v CMakeFiles/cmTC_763e1.dir/CMakeCCompilerABI.c.o  -o cmTC_763e1 ]
  ignore line: [Reading specs from /home/linuxbrew/.linuxbrew/Cellar/gcc/11.2.0/lib/gcc/11/gcc/x86_64-pc-linux-gnu/11.2.0/specs]
  ignore line: [COLLECT_GCC=/home/linuxbrew/.linuxbrew/bin/gcc-11]
  ignore line: [COLLECT_LTO_WRAPPER=/home/linuxbrew/.linuxbrew/Cellar/gcc/11.2.0/libexec/gcc/x86_64-pc-linux-gnu/11.2.0/lto-wrapper]
  ignore line: [Target: x86_64-pc-linux-gnu]
  ignore line: [Configured with: ../configure --prefix=/home/linuxbrew/.linuxbrew/Cellar/gcc/11.2.0 --libdir=/home/linuxbrew/.linuxbrew/Cellar/gcc/11.2.0/lib/gcc/11 --disable-nls --enable-checking=release --enable-languages=c,c++,objc,obj-c++,fortran,d --program-suffix=-11 --with-gmp=/home/linuxbrew/.linuxbrew/opt/gmp --with-mpfr=/home/linuxbrew/.linuxbrew/opt/mpfr --with-mpc=/home/linuxbrew/.linuxbrew/opt/libmpc --with-isl=/home/linuxbrew/.linuxbrew/opt/isl --with-zstd=/home/linuxbrew/.linuxbrew/opt/zstd --with-pkgversion='Homebrew GCC 11.2.0' --with-bugurl=https://github.com/Homebrew/linuxbrew-core/issues --enable-libphobos --with-boot-ldflags='-static-libstdc++ -static-libgcc ' --disable-multilib]
  ignore line: [Thread model: posix]
  ignore line: [Supported LTO compression algorithms: zlib zstd]
  ignore line: [gcc version 11.2.0 (Homebrew GCC 11.2.0) ]
  ignore line: [COMPILER_PATH=/home/linuxbrew/.linuxbrew/Cellar/gcc/11.2.0/libexec/gcc/x86_64-pc-linux-gnu/11.2.0/:/home/linuxbrew/.linuxbrew/Cellar/gcc/11.2.0/libexec/gcc/x86_64-pc-linux-gnu/11.2.0/:/home/linuxbrew/.linuxbrew/Cellar/gcc/11.2.0/libexec/gcc/x86_64-pc-linux-gnu/:/home/linuxbrew/.linuxbrew/Cellar/gcc/11.2.0/lib/gcc/11/gcc/x86_64-pc-linux-gnu/11.2.0/:/home/linuxbrew/.linuxbrew/Cellar/gcc/11.2.0/lib/gcc/11/gcc/x86_64-pc-linux-gnu/]
  ignore line: [LIBRARY_PATH=/home/linuxbrew/.linuxbrew/Cellar/gcc/11.2.0/lib/gcc/11/gcc/x86_64-pc-linux-gnu/11.2.0/:/home/linuxbrew/.linuxbrew/Cellar/gcc/11.2.0/lib/gcc/11/gcc/x86_64-pc-linux-gnu/11.2.0/../../../:/lib/x86_64-linux-gnu/:/lib/:/usr/lib/x86_64-linux-gnu/:/usr/lib/]
  ignore line: [COLLECT_GCC_OPTIONS='-v' '-o' 'cmTC_763e1' '-mtune=generic' '-march=x86-64' '-dumpdir' 'cmTC_763e1.']
  link line: [ /home/linuxbrew/.linuxbrew/Cellar/gcc/11.2.0/libexec/gcc/x86_64-pc-linux-gnu/11.2.0/collect2 -plugin /home/linuxbrew/.linuxbrew/Cellar/gcc/11.2.0/libexec/gcc/x86_64-pc-linux-gnu/11.2.0/liblto_plugin.so -plugin-opt=/home/linuxbrew/.linuxbrew/Cellar/gcc/11.2.0/libexec/gcc/x86_64-pc-linux-gnu/11.2.0/lto-wrapper -plugin-opt=-fresolution=/tmp/cc23Fx7M.res -plugin-opt=-pass-through=-lgcc -plugin-opt=-pass-through=-lgcc_s -plugin-opt=-pass-through=-lc -plugin-opt=-pass-through=-lgcc -plugin-opt=-pass-through=-lgcc_s --eh-frame-hdr -m elf_x86_64 -dynamic-linker /lib64/ld-linux-x86-64.so.2 --dynamic-linker /home/linuxbrew/.linuxbrew/lib/ld.so -rpath /home/linuxbrew/.linuxbrew/lib/gcc/11 -rpath /home/linuxbrew/.linuxbrew/lib -o cmTC_763e1 /lib/x86_64-linux-gnu/crt1.o /lib/x86_64-linux-gnu/crti.o /home/linuxbrew/.linuxbrew/Cellar/gcc/11.2.0/lib/gcc/11/gcc/x86_64-pc-linux-gnu/11.2.0/crtbegin.o -L/home/linuxbrew/.linuxbrew/Cellar/gcc/11.2.0/lib/gcc/11/gcc/x86_64-pc-linux-gnu/11.2.0 -L/home/linuxbrew/.linuxbrew/Cellar/gcc/11.2.0/lib/gcc/11/gcc/x86_64-pc-linux-gnu/11.2.0/../../.. -L/lib/x86_64-linux-gnu -L/usr/lib/x86_64-linux-gnu -L/home/linuxbrew/.linuxbrew/lib/gcc/11 -L/home/linuxbrew/.linuxbrew/lib CMakeFiles/cmTC_763e1.dir/CMakeCCompilerABI.c.o -lgcc --push-state --as-needed -lgcc_s --pop-state -lc -lgcc --push-state --as-needed -lgcc_s --pop-state /home/linuxbrew/.linuxbrew/Cellar/gcc/11.2.0/lib/gcc/11/gcc/x86_64-pc-linux-gnu/11.2.0/crtend.o /lib/x86_64-linux-gnu/crtn.o]
    arg [/home/linuxbrew/.linuxbrew/Cellar/gcc/11.2.0/libexec/gcc/x86_64-pc-linux-gnu/11.2.0/collect2] ==> ignore
    arg [-plugin] ==> ignore
    arg [/home/linuxbrew/.linuxbrew/Cellar/gcc/11.2.0/libexec/gcc/x86_64-pc-linux-gnu/11.2.0/liblto_plugin.so] ==> ignore
    arg [-plugin-opt=/home/linuxbrew/.linuxbrew/Cellar/gcc/11.2.0/libexec/gcc/x86_64-pc-linux-gnu/11.2.0/lto-wrapper] ==> ignore
    arg [-plugin-opt=-fresolution=/tmp/cc23Fx7M.res] ==> ignore
    arg [-plugin-opt=-pass-through=-lgcc] ==> ignore
    arg [-plugin-opt=-pass-through=-lgcc_s] ==> ignore
    arg [-plugin-opt=-pass-through=-lc] ==> ignore
    arg [-plugin-opt=-pass-through=-lgcc] ==> ignore
    arg [-plugin-opt=-pass-through=-lgcc_s] ==> ignore
    arg [--eh-frame-hdr] ==> ignore
    arg [-m] ==> ignore
    arg [elf_x86_64] ==> ignore
    arg [-dynamic-linker] ==> ignore
    arg [/lib64/ld-linux-x86-64.so.2] ==> ignore
    arg [--dynamic-linker] ==> ignore
    arg [/home/linuxbrew/.linuxbrew/lib/ld.so] ==> ignore
    arg [-rpath] ==> ignore
    arg [/home/linuxbrew/.linuxbrew/lib/gcc/11] ==> ignore
    arg [-rpath] ==> ignore
    arg [/home/linuxbrew/.linuxbrew/lib] ==> ignore
    arg [-o] ==> ignore
    arg [cmTC_763e1] ==> ignore
    arg [/lib/x86_64-linux-gnu/crt1.o] ==> ignore
    arg [/lib/x86_64-linux-gnu/crti.o] ==> ignore
    arg [/home/linuxbrew/.linuxbrew/Cellar/gcc/11.2.0/lib/gcc/11/gcc/x86_64-pc-linux-gnu/11.2.0/crtbegin.o] ==> ignore
    arg [-L/home/linuxbrew/.linuxbrew/Cellar/gcc/11.2.0/lib/gcc/11/gcc/x86_64-pc-linux-gnu/11.2.0] ==> dir [/home/linuxbrew/.linuxbrew/Cellar/gcc/11.2.0/lib/gcc/11/gcc/x86_64-pc-linux-gnu/11.2.0]
    arg [-L/home/linuxbrew/.linuxbrew/Cellar/gcc/11.2.0/lib/gcc/11/gcc/x86_64-pc-linux-gnu/11.2.0/../../..] ==> dir [/home/linuxbrew/.linuxbrew/Cellar/gcc/11.2.0/lib/gcc/11/gcc/x86_64-pc-linux-gnu/11.2.0/../../..]
    arg [-L/lib/x86_64-linux-gnu] ==> dir [/lib/x86_64-linux-gnu]
    arg [-L/usr/lib/x86_64-linux-gnu] ==> dir [/usr/lib/x86_64-linux-gnu]
    arg [-L/home/linuxbrew/.linuxbrew/lib/gcc/11] ==> dir [/home/linuxbrew/.linuxbrew/lib/gcc/11]
    arg [-L/home/linuxbrew/.linuxbrew/lib] ==> dir [/home/linuxbrew/.linuxbrew/lib]
    arg [CMakeFiles/cmTC_763e1.dir/CMakeCCompilerABI.c.o] ==> ignore
    arg [-lgcc] ==> lib [gcc]
    arg [--push-state] ==> ignore
    arg [--as-needed] ==> ignore
    arg [-lgcc_s] ==> lib [gcc_s]
    arg [--pop-state] ==> ignore
    arg [-lc] ==> lib [c]
    arg [-lgcc] ==> lib [gcc]
    arg [--push-state] ==> ignore
    arg [--as-needed] ==> ignore
    arg [-lgcc_s] ==> lib [gcc_s]
    arg [--pop-state] ==> ignore
    arg [/home/linuxbrew/.linuxbrew/Cellar/gcc/11.2.0/lib/gcc/11/gcc/x86_64-pc-linux-gnu/11.2.0/crtend.o] ==> ignore
    arg [/lib/x86_64-linux-gnu/crtn.o] ==> ignore
  collapse library dir [/home/linuxbrew/.linuxbrew/Cellar/gcc/11.2.0/lib/gcc/11/gcc/x86_64-pc-linux-gnu/11.2.0] ==> [/home/linuxbrew/.linuxbrew/Cellar/gcc/11.2.0/lib/gcc/11/gcc/x86_64-pc-linux-gnu/11.2.0]
  collapse library dir [/home/linuxbrew/.linuxbrew/Cellar/gcc/11.2.0/lib/gcc/11/gcc/x86_64-pc-linux-gnu/11.2.0/../../..] ==> [/home/linuxbrew/.linuxbrew/Cellar/gcc/11.2.0/lib/gcc/11]
  collapse library dir [/lib/x86_64-linux-gnu] ==> [/lib/x86_64-linux-gnu]
  collapse library dir [/usr/lib/x86_64-linux-gnu] ==> [/usr/lib/x86_64-linux-gnu]
  collapse library dir [/home/linuxbrew/.linuxbrew/lib/gcc/11] ==> [/home/linuxbrew/.linuxbrew/lib/gcc/11]
  collapse library dir [/home/linuxbrew/.linuxbrew/lib] ==> [/home/linuxbrew/.linuxbrew/lib]
  implicit libs: [gcc;gcc_s;c;gcc;gcc_s]
  implicit dirs: [/home/linuxbrew/.linuxbrew/Cellar/gcc/11.2.0/lib/gcc/11/gcc/x86_64-pc-linux-gnu/11.2.0;/home/linuxbrew/.linuxbrew/Cellar/gcc/11.2.0/lib/gcc/11;/lib/x86_64-linux-gnu;/usr/lib/x86_64-linux-gnu;/home/linuxbrew/.linuxbrew/lib/gcc/11;/home/linuxbrew/.linuxbrew/lib]
  implicit fwks: []


Determining if the CXX compiler works passed with the following output:
Change Dir: /home/shahriar/cpp/bbserver/build/CMakeFiles/CMakeTmp

Run Build Command(s):/usr/bin/make cmTC_c2b28/fast && /usr/bin/make -f CMakeFiles/cmTC_c2b28.dir/build.make CMakeFiles/cmTC_c2b28.dir/build
make[1]: Entering directory '/home/shahriar/cpp/bbserver/build/CMakeFiles/CMakeTmp'
Building CXX object CMakeFiles/cmTC_c2b28.dir/testCXXCompiler.cxx.o
/home/linuxbrew/.linuxbrew/bin/g++-11     -o CMakeFiles/cmTC_c2b28.dir/testCXXCompiler.cxx.o -c /home/shahriar/cpp/bbserver/build/CMakeFiles/CMakeTmp/testCXXCompiler.cxx
Linking CXX executable cmTC_c2b28
/usr/bin/cmake -E cmake_link_script CMakeFiles/cmTC_c2b28.dir/link.txt --verbose=1
/home/linuxbrew/.linuxbrew/bin/g++-11       CMakeFiles/cmTC_c2b28.dir/testCXXCompiler.cxx.o  -o cmTC_c2b28 
make[1]: Leaving directory '/home/shahriar/cpp/bbserver/build/CMakeFiles/CMakeTmp'



Detecting CXX compiler ABI info compiled with the following output:
Change Dir: /home/shahriar/cpp/bbserver/build/CMakeFiles/CMakeTmp

Run Build Command(s):/usr/bin/make cmTC_d7ca2/fast && /usr/bin/make -f CMakeFiles/cmTC_d7ca2.dir/build.make CMakeFiles/cmTC_d7ca2.dir/build
make[1]: Entering directory '/home/shahriar/cpp/bbserver/build/CMakeFiles/CMakeTmp'
Building CXX object CMakeFiles/cmTC_d7ca2.dir/CMakeCXXCompilerABI.cpp.o
/home/linuxbrew/.linuxbrew/bin/g++-11    -v -o CMakeFiles/cmTC_d7ca2.dir/CMakeCXXCompilerABI.cpp.o -c /usr/share/cmake-3.16/Modules/CMakeCXXCompilerABI.cpp
Reading specs from /home/linuxbrew/.linuxbrew/Cellar/gcc/11.2.0/lib/gcc/11/gcc/x86_64-pc-linux-gnu/11.2.0/specs
COLLECT_GCC=/home/linuxbrew/.linuxbrew/bin/g++-11
Target: x86_64-pc-linux-gnu
Configured with: ../configure --prefix=/home/linuxbrew/.linuxbrew/Cellar/gcc/11.2.0 --libdir=/home/linuxbrew/.linuxbrew/Cellar/gcc/11.2.0/lib/gcc/11 --disable-nls --enable-checking=release --enable-languages=c,c++,objc,obj-c++,fortran,d --program-suffix=-11 --with-gmp=/home/linuxbrew/.linuxbrew/opt/gmp --with-mpfr=/home/linuxbrew/.linuxbrew/opt/mpfr --with-mpc=/home/linuxbrew/.linuxbrew/opt/libmpc --with-isl=/home/linuxbrew/.linuxbrew/opt/isl --with-zstd=/home/linuxbrew/.linuxbrew/opt/zstd --with-pkgversion='Homebrew GCC 11.2.0' --with-bugurl=https://github.com/Homebrew/linuxbrew-core/issues --enable-libphobos --with-boot-ldflags='-static-libstdc++ -static-libgcc ' --disable-multilib
Thread model: posix
Supported LTO compression algorithms: zlib zstd
gcc version 11.2.0 (Homebrew GCC 11.2.0) 
COLLECT_GCC_OPTIONS='-v' '-o' 'CMakeFiles/cmTC_d7ca2.dir/CMakeCXXCompilerABI.cpp.o' '-c' '-shared-libgcc' '-mtune=generic' '-march=x86-64' '-dumpdir' 'CMakeFiles/cmTC_d7ca2.dir/'
 /home/linuxbrew/.linuxbrew/Cellar/gcc/11.2.0/libexec/gcc/x86_64-pc-linux-gnu/11.2.0/cc1plus -quiet -v -imultiarch x86_64-linux-gnu -D_GNU_SOURCE /usr/share/cmake-3.16/Modules/CMakeCXXCompilerABI.cpp -isysroot /home/linuxbrew/.linuxbrew/nonexistent -idirafter /home/linuxbrew/.linuxbrew/include -idirafter /usr/include/x86_64-linux-gnu -idirafter /usr/include -quiet -dumpdir CMakeFiles/cmTC_d7ca2.dir/ -dumpbase CMakeCXXCompilerABI.cpp.cpp -dumpbase-ext .cpp -mtune=generic -march=x86-64 -version -o /tmp/ccwS12Wh.s
GNU C++17 (Homebrew GCC 11.2.0) version 11.2.0 (x86_64-pc-linux-gnu)
	compiled by GNU C version 11.2.0, GMP version 6.2.1, MPFR version 4.1.0, MPC version 1.2.1, isl version isl-0.24-GMP

GGC heuristics: --param ggc-min-expand=100 --param ggc-min-heapsize=131072
ignoring nonexistent directory "/home/linuxbrew/.linuxbrew/nonexistent/usr/local/include/x86_64-linux-gnu"
ignoring nonexistent directory "/home/linuxbrew/.linuxbrew/nonexistent/usr/local/include"
ignoring nonexistent directory "/home/linuxbrew/.linuxbrew/Cellar/gcc/11.2.0/lib/gcc/11/gcc/x86_64-pc-linux-gnu/11.2.0/../../../../../../x86_64-pc-linux-gnu/include"
ignoring nonexistent directory "/home/linuxbrew/.linuxbrew/nonexistent/usr/include/x86_64-linux-gnu"
ignoring nonexistent directory "/home/linuxbrew/.linuxbrew/nonexistent/usr/include"
#include "..." search starts here:
#include <...> search starts here:
 /home/linuxbrew/.linuxbrew/Cellar/gcc/11.2.0/lib/gcc/11/gcc/x86_64-pc-linux-gnu/11.2.0/../../../../../../include/c++/11.2.0
 /home/linuxbrew/.linuxbrew/Cellar/gcc/11.2.0/lib/gcc/11/gcc/x86_64-pc-linux-gnu/11.2.0/../../../../../../include/c++/11.2.0/x86_64-pc-linux-gnu
 /home/linuxbrew/.linuxbrew/Cellar/gcc/11.2.0/lib/gcc/11/gcc/x86_64-pc-linux-gnu/11.2.0/../../../../../../include/c++/11.2.0/backward
 /home/linuxbrew/.linuxbrew/Cellar/gcc/11.2.0/lib/gcc/11/gcc/x86_64-pc-linux-gnu/11.2.0/include
 /home/linuxbrew/.linuxbrew/Cellar/gcc/11.2.0/include
 /home/linuxbrew/.linuxbrew/Cellar/gcc/11.2.0/lib/gcc/11/gcc/x86_64-pc-linux-gnu/11.2.0/include-fixed
 /home/linuxbrew/.linuxbrew/include
 /usr/include/x86_64-linux-gnu
 /usr/include
End of search list.
GNU C++17 (Homebrew GCC 11.2.0) version 11.2.0 (x86_64-pc-linux-gnu)
	compiled by GNU C version 11.2.0, GMP version 6.2.1, MPFR version 4.1.0, MPC version 1.2.1, isl version isl-0.24-GMP

GGC heuristics: --param ggc-min-expand=100 --param ggc-min-heapsize=131072
Compiler executable checksum: dc5bf910dfe0fea4e4933f266d2ac392
COLLECT_GCC_OPTIONS='-v' '-o' 'CMakeFiles/cmTC_d7ca2.dir/CMakeCXXCompilerABI.cpp.o' '-c' '-shared-libgcc' '-mtune=generic' '-march=x86-64' '-dumpdir' 'CMakeFiles/cmTC_d7ca2.dir/'
 as -v --64 -o CMakeFiles/cmTC_d7ca2.dir/CMakeCXXCompilerABI.cpp.o /tmp/ccwS12Wh.s
GNU assembler version 2.37 (x86_64-pc-linux-gnu) using BFD version (GNU Binutils) 2.37
COMPILER_PATH=/home/linuxbrew/.linuxbrew/Cellar/gcc/11.2.0/libexec/gcc/x86_64-pc-linux-gnu/11.2.0/:/home/linuxbrew/.linuxbrew/Cellar/gcc/11.2.0/libexec/gcc/x86_64-pc-linux-gnu/11.2.0/:/home/linuxbrew/.linuxbrew/Cellar/gcc/11.2.0/libexec/gcc/x86_64-pc-linux-gnu/:/home/linuxbrew/.linuxbrew/Cellar/gcc/11.2.0/lib/gcc/11/gcc/x86_64-pc-linux-gnu/11.2.0/:/home/linuxbrew/.linuxbrew/Cellar/gcc/11.2.0/lib/gcc/11/gcc/x86_64-pc-linux-gnu/
LIBRARY_PATH=/home/linuxbrew/.linuxbrew/Cellar/gcc/11.2.0/lib/gcc/11/gcc/x86_64-pc-linux-gnu/11.2.0/:/home/linuxbrew/.linuxbrew/Cellar/gcc/11.2.0/lib/gcc/11/gcc/x86_64-pc-linux-gnu/11.2.0/../../../:/lib/x86_64-linux-gnu/:/lib/:/usr/lib/x86_64-linux-gnu/:/usr/lib/
COLLECT_GCC_OPTIONS='-v' '-o' 'CMakeFiles/cmTC_d7ca2.dir/CMakeCXXCompilerABI.cpp.o' '-c' '-shared-libgcc' '-mtune=generic' '-march=x86-64' '-dumpdir' 'CMakeFiles/cmTC_d7ca2.dir/CMakeCXXCompilerABI.cpp.'
Linking CXX executable cmTC_d7ca2
/usr/bin/cmake -E cmake_link_script CMakeFiles/cmTC_d7ca2.dir/link.txt --verbose=1
/home/linuxbrew/.linuxbrew/bin/g++-11      -v CMakeFiles/cmTC_d7ca2.dir/CMakeCXXCompilerABI.cpp.o  -o cmTC_d7ca2 
Reading specs from /home/linuxbrew/.linuxbrew/Cellar/gcc/11.2.0/lib/gcc/11/gcc/x86_64-pc-linux-gnu/11.2.0/specs
COLLECT_GCC=/home/linuxbrew/.linuxbrew/bin/g++-11
COLLECT_LTO_WRAPPER=/home/linuxbrew/.linuxbrew/Cellar/gcc/11.2.0/libexec/gcc/x86_64-pc-linux-gnu/11.2.0/lto-wrapper
Target: x86_64-pc-linux-gnu
Configured with: ../configure --prefix=/home/linuxbrew/.linuxbrew/Cellar/gcc/11.2.0 --libdir=/home/linuxbrew/.linuxbrew/Cellar/gcc/11.2.0/lib/gcc/11 --disable-nls --enable-checking=release --enable-languages=c,c++,objc,obj-c++,fortran,d --program-suffix=-11 --with-gmp=/home/linuxbrew/.linuxbrew/opt/gmp --with-mpfr=/home/linuxbrew/.linuxbrew/opt/mpfr --with-mpc=/home/linuxbrew/.linuxbrew/opt/libmpc --with-isl=/home/linuxbrew/.linuxbrew/opt/isl --with-zstd=/home/linuxbrew/.linuxbrew/opt/zstd --with-pkgversion='Homebrew GCC 11.2.0' --with-bugurl=https://github.com/Homebrew/linuxbrew-core/issues --enable-libphobos --with-boot-ldflags='-static-libstdc++ -static-libgcc ' --disable-multilib
Thread model: posix
Supported LTO compression algorithms: zlib zstd
gcc version 11.2.0 (Homebrew GCC 11.2.0) 
COMPILER_PATH=/home/linuxbrew/.linuxbrew/Cellar/gcc/11.2.0/libexec/gcc/x86_64-pc-linux-gnu/11.2.0/:/home/linuxbrew/.linuxbrew/Cellar/gcc/11.2.0/libexec/gcc/x86_64-pc-linux-gnu/11.2.0/:/home/linuxbrew/.linuxbrew/Cellar/gcc/11.2.0/libexec/gcc/x86_64-pc-linux-gnu/:/home/linuxbrew/.linuxbrew/Cellar/gcc/11.2.0/lib/gcc/11/gcc/x86_64-pc-linux-gnu/11.2.0/:/home/linuxbrew/.linuxbrew/Cellar/gcc/11.2.0/lib/gcc/11/gcc/x86_64-pc-linux-gnu/
LIBRARY_PATH=/home/linuxbrew/.linuxbrew/Cellar/gcc/11.2.0/lib/gcc/11/gcc/x86_64-pc-linux-gnu/11.2.0/:/home/linuxbrew/.linuxbrew/Cellar/gcc/11.2.0/lib/gcc/11/gcc/x86_64-pc-linux-gnu/11.2.0/../../../:/lib/x86_64-linux-gnu/:/lib/:/usr/lib/x86_64-linux-gnu/:/usr/lib/
COLLECT_GCC_OPTIONS='-v' '-o' 'cmTC_d7ca2' '-shared-libgcc' '-mtune=generic' '-march=x86-64' '-dumpdir' 'cmTC_d7ca2.'
 /home/linuxbrew/.linuxbrew/Cellar/gcc/11.2.0/libexec/gcc/x86_64-pc-linux-gnu/11.2.0/collect2 -plugin /home/linuxbrew/.linuxbrew/Cellar/gcc/11.2.0/libexec/gcc/x86_64-pc-linux-gnu/11.2.0/liblto_plugin.so -plugin-opt=/home/linuxbrew/.linuxbrew/Cellar/gcc/11.2.0/libexec/gcc/x86_64-pc-linux-gnu/11.2.0/lto-wrapper -plugin-opt=-fresolution=/tmp/ccrpOCuI.res -plugin-opt=-pass-through=-lgcc_s -plugin-opt=-pass-through=-lgcc -plugin-opt=-pass-through=-lc -plugin-opt=-pass-through=-lgcc_s -plugin-opt=-pass-through=-lgcc --eh-frame-hdr -m elf_x86_64 -dynamic-linker /lib64/ld-linux-x86-64.so.2 --dynamic-linker /home/linuxbrew/.linuxbrew/lib/ld.so -rpath /home/linuxbrew/.linuxbrew/lib/gcc/11 -rpath /home/linuxbrew/.linuxbrew/lib -o cmTC_d7ca2 /lib/x86_64-linux-gnu/crt1.o /lib/x86_64-linux-gnu/crti.o /home/linuxbrew/.linuxbrew/Cellar/gcc/11.2.0/lib/gcc/11/gcc/x86_64-pc-linux-gnu/11.2.0/crtbegin.o -L/home/linuxbrew/.linuxbrew/Cellar/gcc/11.2.0/lib/gcc/11/gcc/x86_64-pc-linux-gnu/11.2.0 -L/home/linuxbrew/.linuxbrew/Cellar/gcc/11.2.0/lib/gcc/11/gcc/x86_64-pc-linux-gnu/11.2.0/../../.. -L/lib/x86_64-linux-gnu -L/usr/lib/x86_64-linux-gnu -L/home/linuxbrew/.linuxbrew/lib/gcc/11 -L/home/linuxbrew/.linuxbrew/lib CMakeFiles/cmTC_d7ca2.dir/CMakeCXXCompilerABI.cpp.o -lstdc++ -lm -lgcc_s -lgcc -lc -lgcc_s -lgcc /home/linuxbrew/.linuxbrew/Cellar/gcc/11.2.0/lib/gcc/11/gcc/x86_64-pc-linux-gnu/11.2.0/crtend.o /lib/x86_64-linux-gnu/crtn.o
COLLECT_GCC_OPTIONS='-v' '-o' 'cmTC_d7ca2' '-shared-libgcc' '-mtune=generic' '-march=x86-64' '-dumpdir' 'cmTC_d7ca2.'
make[1]: Leaving directory '/home/shahriar/cpp/bbserver/build/CMakeFiles/CMakeTmp'



Parsed CXX implicit include dir info from above output: rv=done
  found start of include info
  found start of implicit include info
    add: [/home/linuxbrew/.linuxbrew/Cellar/gcc/11.2.0/lib/gcc/11/gcc/x86_64-pc-linux-gnu/11.2.0/../../../../../../include/c++/11.2.0]
    add: [/home/linuxbrew/.linuxbrew/Cellar/gcc/11.2.0/lib/gcc/11/gcc/x86_64-pc-linux-gnu/11.2.0/../../../../../../include/c++/11.2.0/x86_64-pc-linux-gnu]
    add: [/home/linuxbrew/.linuxbrew/Cellar/gcc/11.2.0/lib/gcc/11/gcc/x86_64-pc-linux-gnu/11.2.0/../../../../../../include/c++/11.2.0/backward]
    add: [/home/linuxbrew/.linuxbrew/Cellar/gcc/11.2.0/lib/gcc/11/gcc/x86_64-pc-linux-gnu/11.2.0/include]
    add: [/home/linuxbrew/.linuxbrew/Cellar/gcc/11.2.0/include]
    add: [/home/linuxbrew/.linuxbrew/Cellar/gcc/11.2.0/lib/gcc/11/gcc/x86_64-pc-linux-gnu/11.2.0/include-fixed]
    add: [/home/linuxbrew/.linuxbrew/include]
    add: [/usr/include/x86_64-linux-gnu]
    add: [/usr/include]
  end of search list found
  collapse include dir [/home/linuxbrew/.linuxbrew/Cellar/gcc/11.2.0/lib/gcc/11/gcc/x86_64-pc-linux-gnu/11.2.0/../../../../../../include/c++/11.2.0] ==> [/home/linuxbrew/.linuxbrew/Cellar/gcc/11.2.0/include/c++/11.2.0]
  collapse include dir [/home/linuxbrew/.linuxbrew/Cellar/gcc/11.2.0/lib/gcc/11/gcc/x86_64-pc-linux-gnu/11.2.0/../../../../../../include/c++/11.2.0/x86_64-pc-linux-gnu] ==> [/home/linuxbrew/.linuxbrew/Cellar/gcc/11.2.0/include/c++/11.2.0/x86_64-pc-linux-gnu]
  collapse include dir [/home/linuxbrew/.linuxbrew/Cellar/gcc/11.2.0/lib/gcc/11/gcc/x86_64-pc-linux-gnu/11.2.0/../../../../../../include/c++/11.2.0/backward] ==> [/home/linuxbrew/.linuxbrew/Cellar/gcc/11.2.0/include/c++/11.2.0/backward]
  collapse include dir [/home/linuxbrew/.linuxbrew/Cellar/gcc/11.2.0/lib/gcc/11/gcc/x86_64-pc-linux-gnu/11.2.0/include] ==> [/home/linuxbrew/.linuxbrew/Cellar/gcc/11.2.0/lib/gcc/11/gcc/x86_64-pc-linux-gnu/11.2.0/include]
  collapse include dir [/home/linuxbrew/.linuxbrew/Cellar/gcc/11.2.0/include] ==> [/home/linuxbrew/.linuxbrew/Cellar/gcc/11.2.0/include]
  collapse include dir [/home/linuxbrew/.linuxbrew/Cellar/gcc/11.2.0/lib/gcc/11/gcc/x86_64-pc-linux-gnu/11.2.0/include-fixed] ==> [/home/linuxbrew/.linuxbrew/Cellar/gcc/11.2.0/lib/gcc/11/gcc/x86_64-pc-linux-gnu/11.2.0/include-fixed]
  collapse include dir [/home/linuxbrew/.linuxbrew/include] ==> [/home/linuxbrew/.linuxbrew/include]
  collapse include dir [/usr/include/x86_64-linux-gnu] ==> [/usr/include/x86_64-linux-gnu]
  collapse include dir [/usr/include] ==> [/usr/include]
  implicit include dirs: [/home/linuxbrew/.linuxbrew/Cellar/gcc/11.2.0/include/c++/11.2.0;/home/linuxbrew/.linuxbrew/Cellar/gcc/11.2.0/include/c++/11.2.0/x86_64-pc-linux-gnu;/home/linuxbrew/.linuxbrew/Cellar/gcc/11.2.0/include/c++/11.2.0/backward;/home/linuxbrew/.linuxbrew/Cellar/gcc/11.2.0/lib/gcc/11/gcc/x86_64-pc-linux-gnu/11.2.0/include;/home/linuxbrew/.linuxbrew/Cellar/gcc/11.2.0/include;/home/linuxbrew/.linuxbrew/Cellar/gcc/11.2.0/lib/gcc/11/gcc/x86_64-pc-linux-gnu/11.2.0/include-fixed;/home/linuxbrew/.linuxbrew/include;/usr/include/x86_64-linux-gnu;/usr/include]


Parsed CXX implicit link information from above output:
  link line regex: [^( *|.*[/\])(ld|CMAKE_LINK_STARTFILE-NOTFOUND|([^/\]+-)?ld|collect2)[^/\]*( |$)]
  ignore line: [Change Dir: /home/shahriar/cpp/bbserver/build/CMakeFiles/CMakeTmp]
  ignore line: []
  ignore line: [Run Build Command(s):/usr/bin/make cmTC_d7ca2/fast && /usr/bin/make -f CMakeFiles/cmTC_d7ca2.dir/build.make CMakeFiles/cmTC_d7ca2.dir/build]
  ignore line: [make[1]: Entering directory '/home/shahriar/cpp/bbserver/build/CMakeFiles/CMakeTmp']
  ignore line: [Building CXX object CMakeFiles/cmTC_d7ca2.dir/CMakeCXXCompilerABI.cpp.o]
  ignore line: [/home/linuxbrew/.linuxbrew/bin/g++-11    -v -o CMakeFiles/cmTC_d7ca2.dir/CMakeCXXCompilerABI.cpp.o -c /usr/share/cmake-3.16/Modules/CMakeCXXCompilerABI.cpp]
  ignore line: [Reading specs from /home/linuxbrew/.linuxbrew/Cellar/gcc/11.2.0/lib/gcc/11/gcc/x86_64-pc-linux-gnu/11.2.0/specs]
  ignore line: [COLLECT_GCC=/home/linuxbrew/.linuxbrew/bin/g++-11]
  ignore line: [Target: x86_64-pc-linux-gnu]
  ignore line: [Configured with: ../configure --prefix=/home/linuxbrew/.linuxbrew/Cellar/gcc/11.2.0 --libdir=/home/linuxbrew/.linuxbrew/Cellar/gcc/11.2.0/lib/gcc/11 --disable-nls --enable-checking=release --enable-languages=c,c++,objc,obj-c++,fortran,d --program-suffix=-11 --with-gmp=/home/linuxbrew/.linuxbrew/opt/gmp --with-mpfr=/home/linuxbrew/.linuxbrew/opt/mpfr --with-mpc=/home/linuxbrew/.linuxbrew/opt/libmpc --with-isl=/home/linuxbrew/.linuxbrew/opt/isl --with-zstd=/home/linuxbrew/.linuxbrew/opt/zstd --with-pkgversion='Homebrew GCC 11.2.0' --with-bugurl=https://github.com/Homebrew/linuxbrew-core/issues --enable-libphobos --with-boot-ldflags='-static-libstdc++ -static-libgcc ' --disable-multilib]
  ignore line: [Thread model: posix]
  ignore line: [Supported LTO compression algorithms: zlib zstd]
  ignore line: [gcc version 11.2.0 (Homebrew GCC 11.2.0) ]
  ignore line: [COLLECT_GCC_OPTIONS='-v' '-o' 'CMakeFiles/cmTC_d7ca2.dir/CMakeCXXCompilerABI.cpp.o' '-c' '-shared-libgcc' '-mtune=generic' '-march=x86-64' '-dumpdir' 'CMakeFiles/cmTC_d7ca2.dir/']
  ignore line: [ /home/linuxbrew/.linuxbrew/Cellar/gcc/11.2.0/libexec/gcc/x86_64-pc-linux-gnu/11.2.0/cc1plus -quiet -v -imultiarch x86_64-linux-gnu -D_GNU_SOURCE /usr/share/cmake-3.16/Modules/CMakeCXXCompilerABI.cpp -isysroot /home/linuxbrew/.linuxbrew/nonexistent -idirafter /home/linuxbrew/.linuxbrew/include -idirafter /usr/include/x86_64-linux-gnu -idirafter /usr/include -quiet -dumpdir CMakeFiles/cmTC_d7ca2.dir/ -dumpbase CMakeCXXCompilerABI.cpp.cpp -dumpbase-ext .cpp -mtune=generic -march=x86-64 -version -o /tmp/ccwS12Wh.s]
  ignore line: [GNU C++17 (Homebrew GCC 11.2.0) version 11.2.0 (x86_64-pc-linux-gnu)]
  ignore line: [	compiled by GNU C version 11.2.0  GMP version 6.2.1  MPFR version 4.1.0  MPC version 1.2.1  isl version isl-0.24-GMP]
  ignore line: []
  ignore line: [GGC heuristics: --param ggc-min-expand=100 --param ggc-min-heapsize=131072]
  ignore line: [ignoring nonexistent directory "/home/linuxbrew/.linuxbrew/nonexistent/usr/local/include/x86_64-linux-gnu"]
  ignore line: [ignoring nonexistent directory "/home/linuxbrew/.linuxbrew/nonexistent/usr/local/include"]
  ignore line: [ignoring nonexistent directory "/home/linuxbrew/.linuxbrew/Cellar/gcc/11.2.0/lib/gcc/11/gcc/x86_64-pc-linux-gnu/11.2.0/../../../../../../x86_64-pc-linux-gnu/include"]
  ignore line: [ignoring nonexistent directory "/home/linuxbrew/.linuxbrew/nonexistent/usr/include/x86_64-linux-gnu"]
  ignore line: [ignoring nonexistent directory "/home/linuxbrew/.linuxbrew/nonexistent/usr/include"]
  ignore line: [#include "..." search starts here:]
  ignore line: [#include <...> search starts here:]
  ignore line: [ /home/linuxbrew/.linuxbrew/Cellar/gcc/11.2.0/lib/gcc/11/gcc/x86_64-pc-linux-gnu/11.2.0/../../../../../../include/c++/11.2.0]
  ignore line: [ /home/linuxbrew/.linuxbrew/Cellar/gcc/11.2.0/lib/gcc/11/gcc/x86_64-pc-linux-gnu/11.2.0/../../../../../../include/c++/11.2.0/x86_64-pc-linux-gnu]
  ignore line: [ /home/linuxbrew/.linuxbrew/Cellar/gcc/11.2.0/lib/gcc/11/gcc/x86_64-pc-linux-gnu/11.2.0/../../../../../../include/c++/11.2.0/backward]
  ignore line: [ /home/linuxbrew/.linuxbrew/Cellar/gcc/11.2.0/lib/gcc/11/gcc/x86_64-pc-linux-gnu/11.2.0/include]
  ignore line: [ /home/linuxbrew/.linuxbrew/Cellar/gcc/11.2.0/include]
  ignore line: [ /home/linuxbrew/.linuxbrew/Cellar/gcc/11.2.0/lib/gcc/11/gcc/x86_64-pc-linux-gnu/11.2.0/include-fixed]
  ignore line: [ /home/linuxbrew/.linuxbrew/include]
  ignore line: [ /usr/include/x86_64-linux-gnu]
  ignore line: [ /usr/include]
  ignore line: [End of search list.]
  ignore line: [GNU C++17 (Homebrew GCC 11.2.0) version 11.2.0 (x86_64-pc-linux-gnu)]
  ignore line: [	compiled by GNU C version 11.2.0  GMP version 6.2.1  MPFR version 4.1.0  MPC version 1.2.1  isl version isl-0.24-GMP]
  ignore line: []
  ignore line: [GGC heuristics: --param ggc-min-expand=100 --param ggc-min-heapsize=131072]
  ignore line: [Compiler executable checksum: dc5bf910dfe0fea4e4933f266d2ac392]
  ignore line: [COLLECT_GCC_OPTIONS='-v' '-o' 'CMakeFiles/cmTC_d7ca2.dir/CMakeCXXCompilerABI.cpp.o' '-c' '-shared-libgcc' '-mtune=generic' '-march=x86-64' '-dumpdir' 'CMakeFiles/cmTC_d7ca2.dir/']
  ignore line: [ as -v --64 -o CMakeFiles/cmTC_d7ca2.dir/CMakeCXXCompilerABI.cpp.o /tmp/ccwS12Wh.s]
  ignore line: [GNU assembler version 2.37 (x86_64-pc-linux-gnu) using BFD version (GNU Binutils) 2.37]
  ignore line: [COMPILER_PATH=/home/linuxbrew/.linuxbrew/Cellar/gcc/11.2.0/libexec/gcc/x86_64-pc-linux-gnu/11.2.0/:/home/linuxbrew/.linuxbrew/Cellar/gcc/11.2.0/libexec/gcc/x86_64-pc-linux-gnu/11.2.0/:/home/linuxbrew/.linuxbrew/Cellar/gcc/11.2.0/libexec/gcc/x86_64-pc-linux-gnu/:/home/linuxbrew/.linuxbrew/Cellar/gcc/11.2.0/lib/gcc/11/gcc/x86_64-pc-linux-gnu/11.2.0/:/home/linuxbrew/.linuxbrew/Cellar/gcc/11.2.0/lib/gcc/11/gcc/x86_64-pc-linux-gnu/]
  ignore line: [LIBRARY_PATH=/home/linuxbrew/.linuxbrew/Cellar/gcc/11.2.0/lib/gcc/11/gcc/x86_64-pc-linux-gnu/11.2.0/:/home/linuxbrew/.linuxbrew/Cellar/gcc/11.2.0/lib/gcc/11/gcc/x86_64-pc-linux-gnu/11.2.0/../../../:/lib/x86_64-linux-gnu/:/lib/:/usr/lib/x86_64-linux-gnu/:/usr/lib/]
  ignore line: [COLLECT_GCC_OPTIONS='-v' '-o' 'CMakeFiles/cmTC_d7ca2.dir/CMakeCXXCompilerABI.cpp.o' '-c' '-shared-libgcc' '-mtune=generic' '-march=x86-64' '-dumpdir' 'CMakeFiles/cmTC_d7ca2.dir/CMakeCXXCompilerABI.cpp.']
  ignore line: [Linking CXX executable cmTC_d7ca2]
  ignore line: [/usr/bin/cmake -E cmake_link_script CMakeFiles/cmTC_d7ca2.dir/link.txt --verbose=1]
  ignore line: [/home/linuxbrew/.linuxbrew/bin/g++-11      -v CMakeFiles/cmTC_d7ca2.dir/CMakeCXXCompilerABI.cpp.o  -o cmTC_d7ca2 ]
  ignore line: [Reading specs from /home/linuxbrew/.linuxbrew/Cellar/gcc/11.2.0/lib/gcc/11/gcc/x86_64-pc-linux-gnu/11.2.0/specs]
  ignore line: [COLLECT_GCC=/home/linuxbrew/.linuxbrew/bin/g++-11]
  ignore line: [COLLECT_LTO_WRAPPER=/home/linuxbrew/.linuxbrew/Cellar/gcc/11.2.0/libexec/gcc/x86_64-pc-linux-gnu/11.2.0/lto-wrapper]
  ignore line: [Target: x86_64-pc-linux-gnu]
  ignore line: [Configured with: ../configure --prefix=/home/linuxbrew/.linuxbrew/Cellar/gcc/11.2.0 --libdir=/home/linuxbrew/.linuxbrew/Cellar/gcc/11.2.0/lib/gcc/11 --disable-nls --enable-checking=release --enable-languages=c,c++,objc,obj-c++,fortran,d --program-suffix=-11 --with-gmp=/home/linuxbrew/.linuxbrew/opt/gmp --with-mpfr=/home/linuxbrew/.linuxbrew/opt/mpfr --with-mpc=/home/linuxbrew/.linuxbrew/opt/libmpc --with-isl=/home/linuxbrew/.linuxbrew/opt/isl --with-zstd=/home/linuxbrew/.linuxbrew/opt/zstd --with-pkgversion='Homebrew GCC 11.2.0' --with-bugurl=https://github.com/Homebrew/linuxbrew-core/issues --enable-libphobos --with-boot-ldflags='-static-libstdc++ -static-libgcc ' --disable-multilib]
  ignore line: [Thread model: posix]
  ignore line: [Supported LTO compression algorithms: zlib zstd]
  ignore line: [gcc version 11.2.0 (Homebrew GCC 11.2.0) ]
  ignore line: [COMPILER_PATH=/home/linuxbrew/.linuxbrew/Cellar/gcc/11.2.0/libexec/gcc/x86_64-pc-linux-gnu/11.2.0/:/home/linuxbrew/.linuxbrew/Cellar/gcc/11.2.0/libexec/gcc/x86_64-pc-linux-gnu/11.2.0/:/home/linuxbrew/.linuxbrew/Cellar/gcc/11.2.0/libexec/gcc/x86_64-pc-linux-gnu/:/home/linuxbrew/.linuxbrew/Cellar/gcc/11.2.0/lib/gcc/11/gcc/x86_64-pc-linux-gnu/11.2.0/:/home/linuxbrew/.linuxbrew/Cellar/gcc/11.2.0/lib/gcc/11/gcc/x86_64-pc-linux-gnu/]
  ignore line: [LIBRARY_PATH=/home/linuxbrew/.linuxbrew/Cellar/gcc/11.2.0/lib/gcc/11/gcc/x86_64-pc-linux-gnu/11.2.0/:/home/linuxbrew/.linuxbrew/Cellar/gcc/11.2.0/lib/gcc/11/gcc/x86_64-pc-linux-gnu/11.2.0/../../../:/lib/x86_64-linux-gnu/:/lib/:/usr/lib/x86_64-linux-gnu/:/usr/lib/]
  ignore line: [COLLECT_GCC_OPTIONS='-v' '-o' 'cmTC_d7ca2' '-shared-libgcc' '-mtune=generic' '-march=x86-64' '-dumpdir' 'cmTC_d7ca2.']
  link line: [ /home/linuxbrew/.linuxbrew/Cellar/gcc/11.2.0/libexec/gcc/x86_64-pc-linux-gnu/11.2.0/collect2 -plugin /home/linuxbrew/.linuxbrew/Cellar/gcc/11.2.0/libexec/gcc/x86_64-pc-linux-gnu/11.2.0/liblto_plugin.so -plugin-opt=/home/linuxbrew/.linuxbrew/Cellar/gcc/11.2.0/libexec/gcc/x86_64-pc-linux-gnu/11.2.0/lto-wrapper -plugin-opt=-fresolution=/tmp/ccrpOCuI.res -plugin-opt=-pass-through=-lgcc_s -plugin-opt=-pass-through=-lgcc -plugin-opt=-pass-through=-lc -plugin-opt=-pass-through=-lgcc_s -plugin-opt=-pass-through=-lgcc --eh-frame-hdr -m elf_x86_64 -dynamic-linker /lib64/ld-linux-x86-64.so.2 --dynamic-linker /home/linuxbrew/.linuxbrew/lib/ld.so -rpath /home/linuxbrew/.linuxbrew/lib/gcc/11 -rpath /home/linuxbrew/.linuxbrew/lib -o cmTC_d7ca2 /lib/x86_64-linux-gnu/crt1.o /lib/x86_64-linux-gnu/crti.o /home/linuxbrew/.linuxbrew/Cellar/gcc/11.2.0/lib/gcc/11/gcc/x86_64-pc-linux-gnu/11.2.0/crtbegin.o -L/home/linuxbrew/.linuxbrew/Cellar/gcc/11.2.0/lib/gcc/11/gcc/x86_64-pc-linux-gnu/11.2.0 -L/home/linuxbrew/.linuxbrew/Cellar/gcc/11.2.0/lib/gcc/11/gcc/x86_64-pc-linux-gnu/11.2.0/../../.. -L/lib/x86_64-linux-gnu -L/usr/lib/x86_64-linux-gnu -L/home/linuxbrew/.linuxbrew/lib/gcc/11 -L/home/linuxbrew/.linuxbrew/lib CMakeFiles/cmTC_d7ca2.dir/CMakeCXXCompilerABI.cpp.o -lstdc++ -lm -lgcc_s -lgcc -lc -lgcc_s -lgcc /home/linuxbrew/.linuxbrew/Cellar/gcc/11.2.0/lib/gcc/11/gcc/x86_64-pc-linux-gnu/11.2.0/crtend.o /lib/x86_64-linux-gnu/crtn.o]
    arg [/home/linuxbrew/.linuxbrew/Cellar/gcc/11.2.0/libexec/gcc/x86_64-pc-linux-gnu/11.2.0/collect2] ==> ignore
    arg [-plugin] ==> ignore
    arg [/home/linuxbrew/.linuxbrew/Cellar/gcc/11.2.0/libexec/gcc/x86_64-pc-linux-gnu/11.2.0/liblto_plugin.so] ==> ignore
    arg [-plugin-opt=/home/linuxbrew/.linuxbrew/Cellar/gcc/11.2.0/libexec/gcc/x86_64-pc-linux-gnu/11.2.0/lto-wrapper] ==> ignore
    arg [-plugin-opt=-fresolution=/tmp/ccrpOCuI.res] ==> ignore
    arg [-plugin-opt=-pass-through=-lgcc_s] ==> ignore
    arg [-plugin-opt=-pass-through=-lgcc] ==> ignore
    arg [-plugin-opt=-pass-through=-lc] ==> ignore
    arg [-plugin-opt=-pass-through=-lgcc_s] ==> ignore
    arg [-plugin-opt=-pass-through=-lgcc] ==> ignore
    arg [--eh-frame-hdr] ==> ignore
    arg [-m] ==> ignore
    arg [elf_x86_64] ==> ignore
    arg [-dynamic-linker] ==> ignore
    arg [/lib64/ld-linux-x86-64.so.2] ==> ignore
    arg [--dynamic-linker] ==> ignore
    arg [/home/linuxbrew/.linuxbrew/lib/ld.so] ==> ignore
    arg [-rpath] ==> ignore
    arg [/home/linuxbrew/.linuxbrew/lib/gcc/11] ==> ignore
    arg [-rpath] ==> ignore
    arg [/home/linuxbrew/.linuxbrew/lib] ==> ignore
    arg [-o] ==> ignore
    arg [cmTC_d7ca2] ==> ignore
    arg [/lib/x86_64-linux-gnu/crt1.o] ==> ignore
    arg [/lib/x86_64-linux-gnu/crti.o] ==> ignore
    arg [/home/linuxbrew/.linuxbrew/Cellar/gcc/11.2.0/lib/gcc/11/gcc/x86_64-pc-linux-gnu/11.2.0/crtbegin.o] ==> ignore
    arg [-L/home/linuxbrew/.linuxbrew/Cellar/gcc/11.2.0/lib/gcc/11/gcc/x86_64-pc-linux-gnu/11.2.0] ==> dir [/home/linuxbrew/.linuxbrew/Cellar/gcc/11.2.0/lib/gcc/11/gcc/x86_64-pc-linux-gnu/11.2.0]
    arg [-L/home/linuxbrew/.linuxbrew/Cellar/gcc/11.2.0/lib/gcc/11/gcc/x86_64-pc-linux-gnu/11.2.0/../../..] ==> dir [/home/linuxbrew/.linuxbrew/Cellar/gcc/11.2.0/lib/gcc/11/gcc/x86_64-pc-linux-gnu/11.2.0/../../..]
    arg [-L/lib/x86_64-linux-gnu] ==> dir [/lib/x86_64-linux-gnu]
    arg [-L/usr/lib/x86_64-linux-gnu] ==> dir [/usr/lib/x86_64-linux-gnu]
    arg [-L/home/linuxbrew/.linuxbrew/lib/gcc/11] ==> dir [/home/linuxbrew/.linuxbrew/lib/gcc/11]
    arg [-L/home/linuxbrew/.linuxbrew/lib] ==> dir [/home/linuxbrew/.linuxbrew/lib]
    arg [CMakeFiles/cmTC_d7ca2.dir/CMakeCXXCompilerABI.cpp.o] ==> ignore
    arg [-lstdc++] ==> lib [stdc++]
    arg [-lm] ==> lib [m]
    arg [-lgcc_s] ==> lib [gcc_s]
    arg [-lgcc] ==> lib [gcc]
    arg [-lc] ==> lib [c]
    arg [-lgcc_s] ==> lib [gcc_s]
    arg [-lgcc] ==> lib [gcc]
    arg [/home/linuxbrew/.linuxbrew/Cellar/gcc/11.2.0/lib/gcc/11/gcc/x86_64-pc-linux-gnu/11.2.0/crtend.o] ==> ignore
    arg [/lib/x86_64-linux-gnu/crtn.o] ==> ignore
  collapse library dir [/home/linuxbrew/.linuxbrew/Cellar/gcc/11.2.0/lib/gcc/11/gcc/x86_64-pc-linux-gnu/11.2.0] ==> [/home/linuxbrew/.linuxbrew/Cellar/gcc/11.2.0/lib/gcc/11/gcc/x86_64-pc-linux-gnu/11.2.0]
  collapse library dir [/home/linuxbrew/.linuxbrew/Cellar/gcc/11.2.0/lib/gcc/11/gcc/x86_64-pc-linux-gnu/11.2.0/../../..] ==> [/home/linuxbrew/.linuxbrew/Cellar/gcc/11.2.0/lib/gcc/11]
  collapse library dir [/lib/x86_64-linux-gnu] ==> [/lib/x86_64-linux-gnu]
  collapse library dir [/usr/lib/x86_64-linux-gnu] ==> [/usr/lib/x86_64-linux-gnu]
  collapse library dir [/home/linuxbrew/.linuxbrew/lib/gcc/11] ==> [/home/linuxbrew/.linuxbrew/lib/gcc/11]
  collapse library dir [/home/linuxbrew/.linuxbrew/lib] ==> [/home/linuxbrew/.linuxbrew/lib]
  implicit libs: [stdc++;m;gcc_s;gcc;c;gcc_s;gcc]
  implicit dirs: [/home/linuxbrew/.linuxbrew/Cellar/gcc/11.2.0/lib/gcc/11/gcc/x86_64-pc-linux-gnu/11.2.0;/home/linuxbrew/.linuxbrew/Cellar/gcc/11.2.0/lib/gcc/11;/lib/x86_64-linux-gnu;/usr/lib/x86_64-linux-gnu;/home/linuxbrew/.linuxbrew/lib/gcc/11;/home/linuxbrew/.linuxbrew/lib]
  implicit fwks: []


