make all --print-data-base --no-builtin-variables --no-builtin-rules --question
# GNU Make 4.2.1
# Built for x86_64-pc-linux-gnu
# Copyright (C) 1988-2016 Free Software Foundation, Inc.
# License GPLv3+: GNU GPL version 3 or later <http://gnu.org/licenses/gpl.html>
# This is free software: you are free to change and redistribute it.
# There is NO WARRANTY, to the extent permitted by law.

# Make data base, printed on Mon Jul 11 20:28:06 2022

# Variables

# 'override' directive
GNUMAKEFLAGS := 
# automatic
<D = $(patsubst %/,%,$(dir $<))
# automatic
?F = $(notdir $?)
# environment
PAPERSIZE = letter
# environment
DESKTOP_SESSION = ubuntu
# default
.SHELLFLAGS := -c
# environment
XDG_SESSION_CLASS = user
# environment
XDG_SESSION_TYPE = x11
# automatic
?D = $(patsubst %/,%,$(dir $?))
# environment
IM_CONFIG_PHASE = 1
# automatic
@D = $(patsubst %/,%,$(dir $@))
# environment
XAUTHORITY = /run/user/1000/gdm/Xauthority
# environment
GDMSESSION = ubuntu
# environment
XMODIFIERS = @im=ibus
# makefile
CURDIR := /home/shahriar/cpp/bbserver
# makefile
SHELL = /bin/sh
# environment
VSCODE_NLS_CONFIG = {"locale":"en-us","availableLanguages":{},"_languagePackSupport":true}
# environment
_ = /usr/share/code/code
# environment
JOURNAL_STREAM = 8:53089
# environment
XDG_CONFIG_DIRS = /etc/xdg/xdg-ubuntu:/etc/xdg
# makefile (from 'Makefile', line 1)
MAKEFILE_LIST :=  Makefile
# automatic
@F = $(notdir $@)
# environment
GIO_LAUNCHED_DESKTOP_FILE = /usr/share/applications/code.desktop
# environment
USERNAME = shahriar
# makefile (from 'Makefile', line 2)
CXXFLAGS = -g -pedantic -Wall -Werror -pthread
# environment
MAKELEVEL := 0
# environment
XDG_DATA_DIRS = /usr/share/ubuntu:/usr/local/share/:/usr/share/:/var/lib/snapd/desktop
# environment
DBUS_SESSION_BUS_ADDRESS = unix:path=/run/user/1000/bus
# environment
INFOPATH = /home/linuxbrew/.linuxbrew/share/info:/home/linuxbrew/.linuxbrew/share/info:
# environment
MANAGERPID = 2487
# environment
LESSOPEN = | /usr/bin/lesspipe %s
# environment
LC_NAME = en_CA.UTF-8
# environment
VSCODE_CWD = /home/shahriar
# default
MAKE_HOST := x86_64-pc-linux-gnu
# environment
PATH = /home/linuxbrew/.linuxbrew/bin:/home/linuxbrew/.linuxbrew/sbin:/home/shahriar/.local/bin:/home/linuxbrew/.linuxbrew/bin:/home/linuxbrew/.linuxbrew/sbin:/home/shahriar/.local/bin:/usr/local/sbin:/usr/local/bin:/usr/sbin:/usr/bin:/sbin:/bin:/usr/games:/usr/local/games:/snap/bin:/home/shahriar/.local/bin:/home/shahriar/.local/bin:/home/shahriar/.local/bin
# environment
GPG_AGENT_INFO = /run/user/1000/gnupg/S.gpg-agent:0:1
# environment
GJS_DEBUG_OUTPUT = stderr
# environment
SESSION_MANAGER = local/Z50-70:@/tmp/.ICE-unix/2713,unix/Z50-70:/tmp/.ICE-unix/2713
# environment
XDG_RUNTIME_DIR = /run/user/1000
# environment
XDG_MENU_PREFIX = gnome-
# environment
ELECTRON_RUN_AS_NODE = 1
# environment
INVOCATION_ID = 24aea85fc2d6414ebc3df6d177e80e8b
# default
.FEATURES := target-specific order-only second-expansion else-if shortest-stem undefine oneshell archives jobserver output-sync check-symlink load
# environment
LS_COLORS = 
# environment
XDG_SESSION_DESKTOP = ubuntu
# environment
SSH_AUTH_SOCK = /run/user/1000/keyring/ssh
# environment
GIO_LAUNCHED_DESKTOP_FILE_PID = 5231
# automatic
%F = $(notdir $%)
# environment
DISPLAY = :0
# environment
PWD = /home/shahriar/cpp/bbserver
# default
.LOADED := 
# environment
SSH_AGENT_PID = 2675
# environment
ORIGINAL_XDG_CURRENT_DESKTOP = ubuntu:GNOME
# environment
GTK_MODULES = gail:atk-bridge
# environment
MANPATH = /home/linuxbrew/.linuxbrew/share/man:/home/linuxbrew/.linuxbrew/share/man::
# environment
VSCODE_AMD_ENTRYPOINT = vs/workbench/api/node/extensionHostProcess
# environment
HOME = /home/shahriar
# environment
HOMEBREW_CELLAR = /home/linuxbrew/.linuxbrew/Cellar
# environment
VSCODE_CODE_CACHE_PATH = /home/shahriar/.config/Code/CachedData/92d25e35d9bf1a6b16f7d0758f25d48ace11e5b9
# environment
LOGNAME = shahriar
# environment
APPLICATION_INSIGHTS_NO_DIAGNOSTIC_CHANNEL = 1
# automatic
+F = $(notdir $+)
# environment
LESSCLOSE = /usr/bin/lesspipe %s %s
# environment
VSCODE_HANDLES_UNCAUGHT_ERRORS = true
# environment
GNOME_DESKTOP_SESSION_ID = this-is-deprecated
# automatic
^D = $(patsubst %/,%,$(dir $^))
# environment
LC_TIME = en_CA.UTF-8
# default
MAKE = $(MAKE_COMMAND)
# default
MAKECMDGOALS := all
# environment
QT_IM_MODULE = ibus
# environment
SHLVL = 0
# environment
GNOME_SHELL_SESSION_MODE = ubuntu
# default
MAKE_VERSION := 4.2.1
# environment
USER = shahriar
# environment
LC_MONETARY = en_CA.UTF-8
# makefile
.DEFAULT_GOAL := all
# environment
XDG_CURRENT_DESKTOP = Unity
# automatic
%D = $(patsubst %/,%,$(dir $%))
# environment
LC_TELEPHONE = en_CA.UTF-8
# default
MAKE_COMMAND := make
# default
.VARIABLES := 
# automatic
*F = $(notdir $*)
# environment
VSCODE_IPC_HOOK = /run/user/1000/vscode-0cc2139f-1.69.0-main.sock
# makefile
MAKEFLAGS = pqrR
# environment
MFLAGS = -pqrR
# automatic
*D = $(patsubst %/,%,$(dir $*))
# environment
HOMEBREW_PREFIX = /home/linuxbrew/.linuxbrew
# automatic
+D = $(patsubst %/,%,$(dir $+))
# environment
GDK_BACKEND = x11
# environment
LC_PAPER = en_CA.UTF-8
# environment
HOMEBREW_REPOSITORY = /home/linuxbrew/.linuxbrew/Homebrew
# environment
QT_ACCESSIBILITY = 1
# default
MAKEFILES := 
# environment
LC_NUMERIC = en_CA.UTF-8
# automatic
<F = $(notdir $<)
# makefile (from 'Makefile', line 1)
CXX = g++
# environment
LC_MEASUREMENT = en_CA.UTF-8
# environment
LC_ALL = C
# environment
GJS_DEBUG_TOPICS = JS ERROR;JS LOG
# automatic
^F = $(notdir $^)
# default
SUFFIXES := 
# environment
CHROME_DESKTOP = code-url-handler.desktop
# environment
WINDOWPATH = 2
# default
.INCLUDE_DIRS = /usr/include /usr/local/include /usr/include
# environment
LC_IDENTIFICATION = en_CA.UTF-8
# default
.RECIPEPREFIX := 
# environment
LC_ADDRESS = en_CA.UTF-8
# environment
LANG = C
# environment
VSCODE_PID = 5231
# variable set hash-table stats:
# Load=109/1024=11%, Rehash=0, Collisions=19/139=14%

# Pattern-specific Variable Values

# No pattern-specific variable values.

# Directories

# . (device 2058, inode 2105975): 23 files, no impossibilities.

# 23 files, no impossibilities in 1 directories.

# Implicit Rules

# No implicit rules.

# Files

cserv: cserv.o tcp_utils.o
#  Implicit rule search has not been done.
#  Implicit/static pattern stem: ''
#  Last modified 2022-07-11 19:59:57.793603928
#  File has been updated.
#  Needs to be updated (-q is set).
# automatic
# @ := cserv
# automatic
# % := 
# automatic
# * := 
# automatic
# + := cserv.o tcp_utils.o
# automatic
# | := 
# automatic
# < := cserv.o
# automatic
# ^ := cserv.o tcp_utils.o
# automatic
# ? := cserv.o
# variable set hash-table stats:
# Load=8/32=25%, Rehash=0, Collisions=1/13=8%
#  recipe to execute (from 'Makefile', line 24):
	$(CXX) $(CXXFLAGS) -o cserv cserv.o tcp_utils.o

all: triv_client cserv
#  Command line target.
#  Implicit rule search has been done.
#  File does not exist.
#  File has been updated.
#  Needs to be updated (-q is set).
# variable set hash-table stats:
# Load=0/32=0%, Rehash=0, Collisions=0/5=0%

client.o: tcp_utils.h client.cc
#  Implicit rule search has not been done.
 
#  Last modified 2022-07-11 18:39:16.373542241
#  File has been updated.
#  Successfully updated.
#  recipe to execute (from 'Makefile', line 12):
	$(CXX) $(CXXFLAGS) -c -o client.o client.cc

# Not a target:
cserv.cc:
#  Implicit rule search has been done.
#  Last modified 2022-07-11 19:59:46.249555408
#  File has been updated.
#  Successfully updated.

# Not a target:
client.cc:
#  Implicit rule search has been done.
#  Last modified 2022-07-04 02:18:32.043653
#  File has been updated.
#  Successfully updated.

# Not a target:
tcp_utils.h:
#  Implicit rule search has been done.
#  Last modified 2022-07-04 02:06:26.523866
#  File has been updated.
#  Successfully updated.

# Not a target:
.SUFFIXES:
#  Implicit rule search has not been done.
#  Modification time never checked.
#  File has not been updated.

# Not a target:
Makefile:
#  Implicit rule search has been done.
#  Last modified 2022-07-04 23:28:06.314053
#  File has been updated.
#  Successfully updated.

# Not a target:
.DEFAULT:
#  Implicit rule search has not been done.
#  Modification time never checked.
#  File has not been updated.

clean:
#  Implicit rule search has not been done.
#  Modification time never checked.
#  File has not been updated.
#  recipe to execute (from 'Makefile', line 27):
	rm -f cserv triv_client *~ *.o *.bak core \#*

tcp_utils.o: tcp_utils.h tcp_utils.cc
#  Implicit rule search has not been done.
#  Last modified 2022-07-11 18:39:16.457543719
#  File has been updated.
#  Successfully updated.
#  recipe to execute (from 'Makefile', line 8):
	$(CXX) $(CXXFLAGS) -c -o tcp_utils.o tcp_utils.cc

triv_client: client.o tcp_utils.o
#  Implicit rule search has not been done.
#  Last modified 2022-07-11 18:39:16.545545269
#  File has been updated.
#  Successfully updated.
#  recipe to execute (from 'Makefile', line 15):
	$(CXX) $(CXXFLAGS) -o triv_client client.o tcp_utils.o

# Not a target:
tcp_utils.cc:
#  Implicit rule search has been done.
#  Last modified 2022-07-10 23:14:37.790706867
#  File has been updated.
#  Successfully updated.

cserv.o: tcp_utils.h cserv.cc
#  Implicit rule search has not been done.
#  Last modified 2022-07-11 20:17:34.850176024
#  File has been updated.
#  Successfully updated.
#  recipe to execute (from 'Makefile', line 21):
	$(CXX) $(CXXFLAGS) -c -o cserv.o cserv.cc

# files hash-table stats:
# Load=14/1024=1%, Rehash=0, Collisions=0/40=0%
# VPATH Search Paths

# No 'vpath' search paths.

# No general ('VPATH' variable) search path.

# strcache buffers: 1 (0) / strings = 29 / storage = 283 B / avg = 9 B
# current buf: size = 8162 B / used = 283 B / count = 29 / avg = 9 B

# strcache performance: lookups = 59 / hit rate = 50%
# hash-table stats:
# Load=29/8192=0%, Rehash=0, Collisions=1/59=2%
# Finished Make data base on Mon Jul 11 20:28:06 2022

 
